<?xml version="1.0" encoding="UTF-8"?>
<!-- Generated by org.testng.reporters.JUnitXMLReporter -->
<testsuite ignored="0" hostname="DESKTOP-S6NSO22" failures="0" tests="4" name="Regression" time="80.99" errors="0" timestamp="2021-12-18T11:43:41 EST">
  <testcase classname="PageObjectModel.SignInAmazon" name="f" time="11.126"/>
  <testcase classname="PageObjectModel.SignInAmazon" name="VerificationOfText" time="11.571"/>
  <testcase classname="PageObjectModel.SignInAmazon2" name="f" time="10.54"/>
  <testcase classname="PageObjectModel.SignInAmazon2" name="VerificationOfText" time="11.133"/>
</testsuite> <!-- Regression -->
