<?xml version="1.0" encoding="UTF-8"?>
<testng-results ignored="0" total="1" passed="1" failed="0" skipped="0">
  <reporter-output>
  </reporter-output>
  <suite started-at="2021-12-08T19:40:11 EST" name="Default suite" finished-at="2021-12-08T19:40:12 EST" duration-ms="74">
    <groups>
    </groups>
    <test started-at="2021-12-08T19:40:11 EST" name="Default test" finished-at="2021-12-08T19:40:12 EST" duration-ms="74">
      <class name="PeopleNTech.Automationtraining.NewTestAnnotations">
        <test-method is-config="true" signature="beforeSuite()[pri:0, instance:PeopleNTech.Automationtraining.NewTestAnnotations@2df9b86]" started-at="2021-12-08T19:40:11 EST" name="beforeSuite" finished-at="2021-12-08T19:40:11 EST" duration-ms="13" status="PASS">
          <reporter-output>
          </reporter-output>
        </test-method> <!-- beforeSuite -->
        <test-method is-config="true" signature="beforeTest()[pri:0, instance:PeopleNTech.Automationtraining.NewTestAnnotations@2df9b86]" started-at="2021-12-08T19:40:11 EST" name="beforeTest" finished-at="2021-12-08T19:40:11 EST" duration-ms="1" status="PASS">
          <reporter-output>
          </reporter-output>
        </test-method> <!-- beforeTest -->
        <test-method is-config="true" signature="beforeClass()[pri:0, instance:PeopleNTech.Automationtraining.NewTestAnnotations@2df9b86]" started-at="2021-12-08T19:40:11 EST" name="beforeClass" finished-at="2021-12-08T19:40:11 EST" duration-ms="0" status="PASS">
          <reporter-output>
          </reporter-output>
        </test-method> <!-- beforeClass -->
        <test-method is-config="true" signature="beforeMethod()[pri:0, instance:PeopleNTech.Automationtraining.NewTestAnnotations@2df9b86]" started-at="2021-12-08T19:40:12 EST" name="beforeMethod" finished-at="2021-12-08T19:40:12 EST" duration-ms="0" status="PASS">
          <reporter-output>
          </reporter-output>
        </test-method> <!-- beforeMethod -->
        <test-method signature="f()[pri:0, instance:PeopleNTech.Automationtraining.NewTestAnnotations@2df9b86]" started-at="2021-12-08T19:40:12 EST" name="f" finished-at="2021-12-08T19:40:12 EST" duration-ms="9" status="PASS">
          <reporter-output>
          </reporter-output>
        </test-method> <!-- f -->
        <test-method is-config="true" signature="afterMethod()[pri:0, instance:PeopleNTech.Automationtraining.NewTestAnnotations@2df9b86]" started-at="2021-12-08T19:40:12 EST" name="afterMethod" finished-at="2021-12-08T19:40:12 EST" duration-ms="2" status="PASS">
          <reporter-output>
          </reporter-output>
        </test-method> <!-- afterMethod -->
        <test-method is-config="true" signature="afterClass()[pri:0, instance:PeopleNTech.Automationtraining.NewTestAnnotations@2df9b86]" started-at="2021-12-08T19:40:12 EST" name="afterClass" finished-at="2021-12-08T19:40:12 EST" duration-ms="1" status="PASS">
          <reporter-output>
          </reporter-output>
        </test-method> <!-- afterClass -->
        <test-method is-config="true" signature="afterTest()[pri:0, instance:PeopleNTech.Automationtraining.NewTestAnnotations@2df9b86]" started-at="2021-12-08T19:40:12 EST" name="afterTest" finished-at="2021-12-08T19:40:12 EST" duration-ms="0" status="PASS">
          <reporter-output>
          </reporter-output>
        </test-method> <!-- afterTest -->
        <test-method is-config="true" signature="afterSuite()[pri:0, instance:PeopleNTech.Automationtraining.NewTestAnnotations@2df9b86]" started-at="2021-12-08T19:40:12 EST" name="afterSuite" finished-at="2021-12-08T19:40:12 EST" duration-ms="0" status="PASS">
          <reporter-output>
          </reporter-output>
        </test-method> <!-- afterSuite -->
      </class> <!-- PeopleNTech.Automationtraining.NewTestAnnotations -->
    </test> <!-- Default test -->
  </suite> <!-- Default suite -->
</testng-results>
