<?xml version="1.0" encoding="UTF-8"?>
<testng-results ignored="0" total="4" passed="4" failed="0" skipped="0">
  <reporter-output>
  </reporter-output>
  <suite started-at="2021-12-18T11:42:20 EST" name="Adhoc" finished-at="2021-12-18T11:43:41 EST" duration-ms="80990">
    <groups>
    </groups>
    <test started-at="2021-12-18T11:42:20 EST" name="Regression" finished-at="2021-12-18T11:43:41 EST" duration-ms="80990">
      <class name="PageObjectModel.SignInAmazon">
        <test-method is-config="true" signature="beforeMethod()[pri:0, instance:PageObjectModel.SignInAmazon@3e6ef8ad]" started-at="2021-12-18T11:42:20 EST" name="beforeMethod" finished-at="2021-12-18T11:42:27 EST" duration-ms="7281" status="PASS">
          <reporter-output>
          </reporter-output>
        </test-method> <!-- beforeMethod -->
        <test-method signature="f()[pri:1, instance:PageObjectModel.SignInAmazon@3e6ef8ad]" started-at="2021-12-18T11:42:27 EST" name="f" finished-at="2021-12-18T11:42:38 EST" duration-ms="11126" status="PASS">
          <reporter-output>
          </reporter-output>
        </test-method> <!-- f -->
        <test-method is-config="true" signature="afterMethod()[pri:0, instance:PageObjectModel.SignInAmazon@3e6ef8ad]" started-at="2021-12-18T11:42:38 EST" name="afterMethod" finished-at="2021-12-18T11:42:41 EST" duration-ms="3241" status="PASS">
          <reporter-output>
          </reporter-output>
        </test-method> <!-- afterMethod -->
        <test-method is-config="true" signature="beforeMethod()[pri:0, instance:PageObjectModel.SignInAmazon@3e6ef8ad]" started-at="2021-12-18T11:42:41 EST" name="beforeMethod" finished-at="2021-12-18T11:42:46 EST" duration-ms="4799" status="PASS">
          <reporter-output>
          </reporter-output>
        </test-method> <!-- beforeMethod -->
        <test-method signature="VerificationOfText()[pri:2, instance:PageObjectModel.SignInAmazon@3e6ef8ad]" started-at="2021-12-18T11:42:46 EST" name="VerificationOfText" finished-at="2021-12-18T11:42:58 EST" duration-ms="11571" status="PASS">
          <reporter-output>
          </reporter-output>
        </test-method> <!-- VerificationOfText -->
        <test-method is-config="true" signature="afterMethod()[pri:0, instance:PageObjectModel.SignInAmazon@3e6ef8ad]" started-at="2021-12-18T11:42:58 EST" name="afterMethod" finished-at="2021-12-18T11:43:01 EST" duration-ms="3262" status="PASS">
          <reporter-output>
          </reporter-output>
        </test-method> <!-- afterMethod -->
      </class> <!-- PageObjectModel.SignInAmazon -->
      <class name="PageObjectModel.SignInAmazon2">
        <test-method is-config="true" signature="beforeMethod()[pri:0, instance:PageObjectModel.SignInAmazon2@212b5695]" started-at="2021-12-18T11:43:01 EST" name="beforeMethod" finished-at="2021-12-18T11:43:07 EST" duration-ms="6126" status="PASS">
          <reporter-output>
          </reporter-output>
        </test-method> <!-- beforeMethod -->
        <test-method signature="f()[pri:1, instance:PageObjectModel.SignInAmazon2@212b5695]" started-at="2021-12-18T11:43:07 EST" name="f" finished-at="2021-12-18T11:43:18 EST" duration-ms="10540" status="PASS">
          <reporter-output>
          </reporter-output>
        </test-method> <!-- f -->
        <test-method is-config="true" signature="afterMethod()[pri:0, instance:PageObjectModel.SignInAmazon2@212b5695]" started-at="2021-12-18T11:43:18 EST" name="afterMethod" finished-at="2021-12-18T11:43:21 EST" duration-ms="3237" status="PASS">
          <reporter-output>
          </reporter-output>
        </test-method> <!-- afterMethod -->
        <test-method is-config="true" signature="beforeMethod()[pri:0, instance:PageObjectModel.SignInAmazon2@212b5695]" started-at="2021-12-18T11:43:21 EST" name="beforeMethod" finished-at="2021-12-18T11:43:26 EST" duration-ms="5409" status="PASS">
          <reporter-output>
          </reporter-output>
        </test-method> <!-- beforeMethod -->
        <test-method signature="VerificationOfText()[pri:2, instance:PageObjectModel.SignInAmazon2@212b5695]" started-at="2021-12-18T11:43:26 EST" name="VerificationOfText" finished-at="2021-12-18T11:43:37 EST" duration-ms="11133" status="PASS">
          <reporter-output>
          </reporter-output>
        </test-method> <!-- VerificationOfText -->
        <test-method is-config="true" signature="afterMethod()[pri:0, instance:PageObjectModel.SignInAmazon2@212b5695]" started-at="2021-12-18T11:43:37 EST" name="afterMethod" finished-at="2021-12-18T11:43:41 EST" duration-ms="3205" status="PASS">
          <reporter-output>
          </reporter-output>
        </test-method> <!-- afterMethod -->
      </class> <!-- PageObjectModel.SignInAmazon2 -->
    </test> <!-- Regression -->
  </suite> <!-- Adhoc -->
</testng-results>
